2023-04-14 11:47:57,651 [restartedMain] WARN  c.a.c.n.c.NacosPropertySourceBuilder [NacosPropertySourceBuilder.java : 86] - Ignore the empty nacos configuration and get it based on dataId[superShortUrl] & group[uat]
2023-04-14 11:47:57,788 [restartedMain] WARN  c.a.c.n.c.NacosPropertySourceBuilder [NacosPropertySourceBuilder.java : 86] - Ignore the empty nacos configuration and get it based on dataId[superShortUrl-dev.yml] & group[uat]
2023-04-14 14:37:41,173 [restartedMain] WARN  c.a.c.n.c.NacosPropertySourceBuilder [NacosPropertySourceBuilder.java : 86] - Ignore the empty nacos configuration and get it based on dataId[superShortUrl] & group[uat]
2023-04-14 14:37:41,273 [restartedMain] WARN  c.a.c.n.c.NacosPropertySourceBuilder [NacosPropertySourceBuilder.java : 86] - Ignore the empty nacos configuration and get it based on dataId[superShortUrl-dev.yml] & group[uat]
2023-04-14 14:50:34,142 [restartedMain] WARN  c.a.c.n.c.NacosPropertySourceBuilder [NacosPropertySourceBuilder.java : 86] - Ignore the empty nacos configuration and get it based on dataId[superShortUrl] & group[uat]
2023-04-14 14:50:34,181 [restartedMain] WARN  c.a.c.n.c.NacosPropertySourceBuilder [NacosPropertySourceBuilder.java : 86] - Ignore the empty nacos configuration and get it based on dataId[superShortUrl-dev.yml] & group[uat]
2023-04-14 15:09:58,561 [restartedMain] WARN  o.m.s.mapper.ClassPathMapperScanner [Logger.java : 44] - No MyBatis mapper was found in '[bigdata]' package. Please check your configuration.
2023-04-14 15:10:00,234 [restartedMain] WARN  o.s.b.w.s.c.AnnotationConfigServletWebServerApplicationContext [AbstractApplicationContext.java : 558] - Exception encountered during context initialization - cancelling refresh attempt: org.springframework.beans.factory.BeanCreationException: Error creating bean with name 'shortUrlConvert': Injection of autowired dependencies failed; nested exception is java.lang.IllegalArgumentException: Could not resolve placeholder 'token' in value "${token}"
2023-04-14 15:15:49,423 [restartedMain] WARN  c.a.c.n.c.NacosPropertySourceBuilder [NacosPropertySourceBuilder.java : 86] - Ignore the empty nacos configuration and get it based on dataId[superShortUrl] & group[uat]
2023-04-14 15:15:49,460 [restartedMain] WARN  c.a.c.n.c.NacosPropertySourceBuilder [NacosPropertySourceBuilder.java : 86] - Ignore the empty nacos configuration and get it based on dataId[superShortUrl-dev.yml] & group[uat]
2023-04-14 15:15:50,565 [restartedMain] WARN  o.m.s.mapper.ClassPathMapperScanner [Logger.java : 44] - No MyBatis mapper was found in '[bigdata]' package. Please check your configuration.
2023-04-14 15:15:52,185 [restartedMain] WARN  o.s.b.w.s.c.AnnotationConfigServletWebServerApplicationContext [AbstractApplicationContext.java : 558] - Exception encountered during context initialization - cancelling refresh attempt: org.springframework.beans.factory.BeanCreationException: Error creating bean with name 'shortUrlConvert': Injection of autowired dependencies failed; nested exception is java.lang.IllegalArgumentException: Could not resolve placeholder 'token' in value "${token}"
2023-04-14 15:17:06,149 [restartedMain] WARN  c.a.c.n.c.NacosPropertySourceBuilder [NacosPropertySourceBuilder.java : 86] - Ignore the empty nacos configuration and get it based on dataId[superShortUrl] & group[uat]
2023-04-14 15:17:06,186 [restartedMain] WARN  c.a.c.n.c.NacosPropertySourceBuilder [NacosPropertySourceBuilder.java : 86] - Ignore the empty nacos configuration and get it based on dataId[superShortUrl-dev.yml] & group[uat]
2023-04-14 15:17:07,249 [restartedMain] WARN  o.m.s.mapper.ClassPathMapperScanner [Logger.java : 44] - No MyBatis mapper was found in '[bigdata]' package. Please check your configuration.
2023-04-14 15:17:08,793 [restartedMain] WARN  o.s.b.w.s.c.AnnotationConfigServletWebServerApplicationContext [AbstractApplicationContext.java : 558] - Exception encountered during context initialization - cancelling refresh attempt: org.springframework.beans.factory.BeanCreationException: Error creating bean with name 'shortUrlUtil': Injection of autowired dependencies failed; nested exception is java.lang.IllegalArgumentException: Could not resolve placeholder 'mkt.shorturl.redis.expired-time' in value "${mkt.shorturl.redis.expired-time}"
2023-04-14 15:19:26,472 [restartedMain] WARN  c.a.c.n.c.NacosPropertySourceBuilder [NacosPropertySourceBuilder.java : 86] - Ignore the empty nacos configuration and get it based on dataId[superShortUrl] & group[uat]
2023-04-14 15:19:26,510 [restartedMain] WARN  c.a.c.n.c.NacosPropertySourceBuilder [NacosPropertySourceBuilder.java : 86] - Ignore the empty nacos configuration and get it based on dataId[superShortUrl-dev.yml] & group[uat]
2023-04-14 15:19:27,628 [restartedMain] WARN  o.m.s.mapper.ClassPathMapperScanner [Logger.java : 44] - No MyBatis mapper was found in '[bigdata]' package. Please check your configuration.
2023-04-14 15:19:29,118 [restartedMain] WARN  c.n.c.sources.URLConfigurationSource [URLConfigurationSource.java : 121] - No URLs will be polled as dynamic configuration sources.
2023-04-14 15:19:29,223 [restartedMain] WARN  c.n.c.sources.URLConfigurationSource [URLConfigurationSource.java : 121] - No URLs will be polled as dynamic configuration sources.
2023-04-14 15:19:29,860 [restartedMain] WARN  o.s.b.a.t.ThymeleafAutoConfiguration$DefaultTemplateResolverConfiguration [ThymeleafAutoConfiguration.java : 104] - Cannot find template location: classpath:/templates/ (please add some templates or check your Thymeleaf configuration)
2023-04-14 15:19:30,594 [restartedMain] WARN  o.s.b.w.s.c.AnnotationConfigServletWebServerApplicationContext [AbstractApplicationContext.java : 558] - Exception encountered during context initialization - cancelling refresh attempt: org.springframework.beans.factory.BeanCreationException: Error creating bean with name 'org.springframework.boot.autoconfigure.jdbc.DataSourceJmxConfiguration$Hikari': Invocation of init method failed; nested exception is org.springframework.beans.factory.BeanCreationException: Error creating bean with name 'scopedTarget.dataSource' defined in class path resource [org/springframework/boot/autoconfigure/jdbc/DataSourceConfiguration$Hikari.class]: Bean instantiation via factory method failed; nested exception is org.springframework.beans.BeanInstantiationException: Failed to instantiate [com.zaxxer.hikari.HikariDataSource]: Factory method 'dataSource' threw exception; nested exception is org.springframework.boot.autoconfigure.jdbc.DataSourceProperties$DataSourceBeanCreationException: Failed to determine a suitable driver class
2023-04-14 15:21:01,280 [restartedMain] WARN  c.a.c.n.c.NacosPropertySourceBuilder [NacosPropertySourceBuilder.java : 86] - Ignore the empty nacos configuration and get it based on dataId[superShortUrl] & group[uat]
2023-04-14 15:21:01,319 [restartedMain] WARN  c.a.c.n.c.NacosPropertySourceBuilder [NacosPropertySourceBuilder.java : 86] - Ignore the empty nacos configuration and get it based on dataId[superShortUrl-dev.yml] & group[uat]
2023-04-14 15:21:03,939 [restartedMain] WARN  c.n.c.sources.URLConfigurationSource [URLConfigurationSource.java : 121] - No URLs will be polled as dynamic configuration sources.
2023-04-14 15:21:03,947 [restartedMain] WARN  c.n.c.sources.URLConfigurationSource [URLConfigurationSource.java : 121] - No URLs will be polled as dynamic configuration sources.
2023-04-14 15:21:04,651 [restartedMain] WARN  o.s.b.a.t.ThymeleafAutoConfiguration$DefaultTemplateResolverConfiguration [ThymeleafAutoConfiguration.java : 104] - Cannot find template location: classpath:/templates/ (please add some templates or check your Thymeleaf configuration)
2023-04-14 16:23:59,527 [com.alibaba.nacos.client.Worker.longPolling.fixed-10.150.35.5_8848-10.150.35.6_8848-10.150.35.7_8848-4fe77f27-047f-4920-922b-5e8625bc2b0f] WARN  c.a.c.n.c.NacosPropertySourceBuilder [NacosPropertySourceBuilder.java : 86] - Ignore the empty nacos configuration and get it based on dataId[superShortUrl] & group[uat]
2023-04-14 16:23:59,554 [com.alibaba.nacos.client.Worker.longPolling.fixed-10.150.35.5_8848-10.150.35.6_8848-10.150.35.7_8848-4fe77f27-047f-4920-922b-5e8625bc2b0f] WARN  c.a.c.n.c.NacosPropertySourceBuilder [NacosPropertySourceBuilder.java : 86] - Ignore the empty nacos configuration and get it based on dataId[superShortUrl-dev.yml] & group[uat]
2023-04-14 17:20:23,099 [restartedMain] WARN  c.a.c.n.c.NacosPropertySourceBuilder [NacosPropertySourceBuilder.java : 86] - Ignore the empty nacos configuration and get it based on dataId[superShortUrl] & group[uat]
2023-04-14 17:20:23,134 [restartedMain] WARN  c.a.c.n.c.NacosPropertySourceBuilder [NacosPropertySourceBuilder.java : 86] - Ignore the empty nacos configuration and get it based on dataId[superShortUrl-dev.yml] & group[uat]
2023-04-14 17:20:26,071 [restartedMain] WARN  c.n.c.sources.URLConfigurationSource [URLConfigurationSource.java : 121] - No URLs will be polled as dynamic configuration sources.
2023-04-14 17:20:26,083 [restartedMain] WARN  c.n.c.sources.URLConfigurationSource [URLConfigurationSource.java : 121] - No URLs will be polled as dynamic configuration sources.
2023-04-14 17:20:27,324 [restartedMain] WARN  o.s.b.a.t.ThymeleafAutoConfiguration$DefaultTemplateResolverConfiguration [ThymeleafAutoConfiguration.java : 104] - Cannot find template location: classpath:/templates/ (please add some templates or check your Thymeleaf configuration)
2023-04-14 17:28:41,134 [restartedMain] WARN  c.a.c.n.c.NacosPropertySourceBuilder [NacosPropertySourceBuilder.java : 86] - Ignore the empty nacos configuration and get it based on dataId[superShortUrl] & group[uat]
2023-04-14 17:28:41,181 [restartedMain] WARN  c.a.c.n.c.NacosPropertySourceBuilder [NacosPropertySourceBuilder.java : 86] - Ignore the empty nacos configuration and get it based on dataId[superShortUrl-dev.yml] & group[uat]
2023-04-14 17:28:43,552 [restartedMain] WARN  c.n.c.sources.URLConfigurationSource [URLConfigurationSource.java : 121] - No URLs will be polled as dynamic configuration sources.
2023-04-14 17:28:43,560 [restartedMain] WARN  c.n.c.sources.URLConfigurationSource [URLConfigurationSource.java : 121] - No URLs will be polled as dynamic configuration sources.
2023-04-14 17:28:44,214 [restartedMain] WARN  o.s.b.a.t.ThymeleafAutoConfiguration$DefaultTemplateResolverConfiguration [ThymeleafAutoConfiguration.java : 104] - Cannot find template location: classpath:/templates/ (please add some templates or check your Thymeleaf configuration)
2023-04-14 17:29:47,579 [restartedMain] WARN  c.a.c.n.c.NacosPropertySourceBuilder [NacosPropertySourceBuilder.java : 86] - Ignore the empty nacos configuration and get it based on dataId[superShortUrl] & group[uat]
2023-04-14 17:29:47,625 [restartedMain] WARN  c.a.c.n.c.NacosPropertySourceBuilder [NacosPropertySourceBuilder.java : 86] - Ignore the empty nacos configuration and get it based on dataId[superShortUrl-dev.yml] & group[uat]
2023-04-14 17:29:50,141 [restartedMain] WARN  c.n.c.sources.URLConfigurationSource [URLConfigurationSource.java : 121] - No URLs will be polled as dynamic configuration sources.
2023-04-14 17:29:50,147 [restartedMain] WARN  c.n.c.sources.URLConfigurationSource [URLConfigurationSource.java : 121] - No URLs will be polled as dynamic configuration sources.
2023-04-14 17:29:50,766 [restartedMain] WARN  o.s.b.a.t.ThymeleafAutoConfiguration$DefaultTemplateResolverConfiguration [ThymeleafAutoConfiguration.java : 104] - Cannot find template location: classpath:/templates/ (please add some templates or check your Thymeleaf configuration)
2023-04-14 17:34:25,253 [http-nio-8090-exec-1] WARN  o.s.w.s.m.s.DefaultHandlerExceptionResolver [AbstractHandlerExceptionResolver.java : 192] - Resolved exception caused by Handler execution: org.springframework.web.bind.MissingServletRequestParameterException: Required String parameter 'brandCode' is not present
2023-04-14 17:35:04,042 [http-nio-8090-exec-3] WARN  o.s.w.s.m.s.DefaultHandlerExceptionResolver [AbstractHandlerExceptionResolver.java : 192] - Resolved exception caused by Handler execution: org.springframework.web.bind.MissingServletRequestParameterException: Required String parameter 'brandCode' is not present
2023-04-14 17:35:34,012 [http-nio-8090-exec-4] WARN  o.s.w.s.m.s.DefaultHandlerExceptionResolver [AbstractHandlerExceptionResolver.java : 192] - Resolved exception caused by Handler execution: org.springframework.web.bind.MissingServletRequestParameterException: Required String parameter 'brandCode' is not present
2023-04-14 17:36:26,207 [http-nio-8090-exec-2] WARN  o.s.w.s.m.s.DefaultHandlerExceptionResolver [AbstractHandlerExceptionResolver.java : 192] - Resolved exception caused by Handler execution: org.springframework.web.bind.MissingServletRequestParameterException: Required String parameter 'brandCode' is not present
2023-04-14 17:37:46,855 [http-nio-8090-exec-5] WARN  o.s.w.s.m.s.DefaultHandlerExceptionResolver [AbstractHandlerExceptionResolver.java : 192] - Resolved exception caused by Handler execution: org.springframework.web.bind.MissingServletRequestParameterException: Required String parameter 'brandCode' is not present
2023-04-14 17:38:29,375 [restartedMain] WARN  c.a.c.n.c.NacosPropertySourceBuilder [NacosPropertySourceBuilder.java : 86] - Ignore the empty nacos configuration and get it based on dataId[superShortUrl] & group[uat]
2023-04-14 17:38:29,419 [restartedMain] WARN  c.a.c.n.c.NacosPropertySourceBuilder [NacosPropertySourceBuilder.java : 86] - Ignore the empty nacos configuration and get it based on dataId[superShortUrl-dev.yml] & group[uat]
2023-04-14 17:38:32,495 [restartedMain] WARN  c.n.c.sources.URLConfigurationSource [URLConfigurationSource.java : 121] - No URLs will be polled as dynamic configuration sources.
2023-04-14 17:38:32,504 [restartedMain] WARN  c.n.c.sources.URLConfigurationSource [URLConfigurationSource.java : 121] - No URLs will be polled as dynamic configuration sources.
2023-04-14 17:38:33,344 [restartedMain] WARN  o.s.b.a.t.ThymeleafAutoConfiguration$DefaultTemplateResolverConfiguration [ThymeleafAutoConfiguration.java : 104] - Cannot find template location: classpath:/templates/ (please add some templates or check your Thymeleaf configuration)
2023-04-14 17:39:19,843 [restartedMain] WARN  c.a.c.n.c.NacosPropertySourceBuilder [NacosPropertySourceBuilder.java : 86] - Ignore the empty nacos configuration and get it based on dataId[superShortUrl] & group[uat]
2023-04-14 17:39:19,893 [restartedMain] WARN  c.a.c.n.c.NacosPropertySourceBuilder [NacosPropertySourceBuilder.java : 86] - Ignore the empty nacos configuration and get it based on dataId[superShortUrl-dev.yml] & group[uat]
2023-04-14 17:39:23,580 [restartedMain] WARN  c.n.c.sources.URLConfigurationSource [URLConfigurationSource.java : 121] - No URLs will be polled as dynamic configuration sources.
2023-04-14 17:39:23,595 [restartedMain] WARN  c.n.c.sources.URLConfigurationSource [URLConfigurationSource.java : 121] - No URLs will be polled as dynamic configuration sources.
2023-04-14 17:39:25,778 [restartedMain] WARN  o.s.b.a.t.ThymeleafAutoConfiguration$DefaultTemplateResolverConfiguration [ThymeleafAutoConfiguration.java : 104] - Cannot find template location: classpath:/templates/ (please add some templates or check your Thymeleaf configuration)
2023-04-14 17:48:05,253 [restartedMain] WARN  c.a.c.n.c.NacosPropertySourceBuilder [NacosPropertySourceBuilder.java : 86] - Ignore the empty nacos configuration and get it based on dataId[superShortUrl] & group[uat]
2023-04-14 17:48:05,306 [restartedMain] WARN  c.a.c.n.c.NacosPropertySourceBuilder [NacosPropertySourceBuilder.java : 86] - Ignore the empty nacos configuration and get it based on dataId[superShortUrl-dev.yml] & group[uat]
2023-04-14 17:48:09,551 [restartedMain] WARN  c.n.c.sources.URLConfigurationSource [URLConfigurationSource.java : 121] - No URLs will be polled as dynamic configuration sources.
2023-04-14 17:48:09,562 [restartedMain] WARN  c.n.c.sources.URLConfigurationSource [URLConfigurationSource.java : 121] - No URLs will be polled as dynamic configuration sources.
2023-04-14 17:48:10,571 [restartedMain] WARN  o.s.b.a.t.ThymeleafAutoConfiguration$DefaultTemplateResolverConfiguration [ThymeleafAutoConfiguration.java : 104] - Cannot find template location: classpath:/templates/ (please add some templates or check your Thymeleaf configuration)
2023-04-14 17:51:53,653 [ForkJoinPool.commonPool-worker-2] WARN  bigdata.util.ShortUrlUtil [ShortUrlUtil.java : 159] - SegmentPushSendTask.checkAndSaveRelation retry batchIndex
2023-04-14 17:51:53,656 [ForkJoinPool.commonPool-worker-1] WARN  bigdata.util.ShortUrlUtil [ShortUrlUtil.java : 159] - SegmentPushSendTask.checkAndSaveRelation retry batchIndex
2023-04-14 17:51:53,656 [ForkJoinPool.commonPool-worker-3] WARN  bigdata.util.ShortUrlUtil [ShortUrlUtil.java : 159] - SegmentPushSendTask.checkAndSaveRelation retry batchIndex
2023-04-14 17:52:16,024 [ForkJoinPool.commonPool-worker-3] WARN  bigdata.util.ShortUrlUtil [ShortUrlUtil.java : 159] - SegmentPushSendTask.checkAndSaveRelation retry batchIndex
2023-04-14 17:52:17,019 [ForkJoinPool.commonPool-worker-4] WARN  bigdata.util.ShortUrlUtil [ShortUrlUtil.java : 159] - SegmentPushSendTask.checkAndSaveRelation retry batchIndex
2023-04-14 17:52:17,027 [ForkJoinPool.commonPool-worker-6] WARN  bigdata.util.ShortUrlUtil [ShortUrlUtil.java : 159] - SegmentPushSendTask.checkAndSaveRelation retry batchIndex
2023-04-14 17:52:51,708 [ForkJoinPool.commonPool-worker-3] WARN  bigdata.util.ShortUrlUtil [ShortUrlUtil.java : 159] - SegmentPushSendTask.checkAndSaveRelation retry batchIndex
2023-04-14 17:52:51,710 [ForkJoinPool.commonPool-worker-5] WARN  bigdata.util.ShortUrlUtil [ShortUrlUtil.java : 159] - SegmentPushSendTask.checkAndSaveRelation retry batchIndex
2023-04-14 17:52:51,710 [ForkJoinPool.commonPool-worker-7] WARN  bigdata.util.ShortUrlUtil [ShortUrlUtil.java : 159] - SegmentPushSendTask.checkAndSaveRelation retry batchIndex
2023-04-14 17:55:22,755 [restartedMain] WARN  c.a.c.n.c.NacosPropertySourceBuilder [NacosPropertySourceBuilder.java : 86] - Ignore the empty nacos configuration and get it based on dataId[superShortUrl] & group[uat]
2023-04-14 17:55:22,810 [restartedMain] WARN  c.a.c.n.c.NacosPropertySourceBuilder [NacosPropertySourceBuilder.java : 86] - Ignore the empty nacos configuration and get it based on dataId[superShortUrl-dev.yml] & group[uat]
2023-04-14 17:55:31,246 [restartedMain] WARN  c.n.c.sources.URLConfigurationSource [URLConfigurationSource.java : 121] - No URLs will be polled as dynamic configuration sources.
2023-04-14 17:55:31,262 [restartedMain] WARN  c.n.c.sources.URLConfigurationSource [URLConfigurationSource.java : 121] - No URLs will be polled as dynamic configuration sources.
2023-04-14 17:55:33,476 [restartedMain] WARN  o.s.b.a.t.ThymeleafAutoConfiguration$DefaultTemplateResolverConfiguration [ThymeleafAutoConfiguration.java : 104] - Cannot find template location: classpath:/templates/ (please add some templates or check your Thymeleaf configuration)
2023-04-14 17:56:21,331 [ForkJoinPool.commonPool-worker-2] WARN  bigdata.util.ShortUrlUtil [ShortUrlUtil.java : 159] - SegmentPushSendTask.checkAndSaveRelation retry batchIndex
2023-04-14 17:56:21,332 [ForkJoinPool.commonPool-worker-1] WARN  bigdata.util.ShortUrlUtil [ShortUrlUtil.java : 159] - SegmentPushSendTask.checkAndSaveRelation retry batchIndex
2023-04-14 17:59:34,733 [ForkJoinPool.commonPool-worker-5] WARN  bigdata.util.ShortUrlUtil [ShortUrlUtil.java : 159] - SegmentPushSendTask.checkAndSaveRelation retry batchIndex
2023-04-14 18:02:52,757 [ForkJoinPool.commonPool-worker-4] WARN  bigdata.util.ShortUrlUtil [ShortUrlUtil.java : 159] - SegmentPushSendTask.checkAndSaveRelation retry batchIndex
